<?xml version="1.0" encoding="UTF-8"?>
<!-- Generated by org.testng.reporters.JUnitReportReporter -->
<testsuite skipped="0" hostname="Sai-PC" name="test.Amazon_Test" tests="1" failures="0" timestamp="2021-02-24T18:56:42 IST" time="73.042" errors="0">
  <testcase name="Amazontest" time="73.042" classname="test.Amazon_Test"/>
  <system-out/>
</testsuite> <!-- test.Amazon_Test -->
