<?xml version="1.0" encoding="UTF-8"?>
<!-- Generated by org.testng.reporters.JUnitReportReporter -->
<testsuite skipped="0" hostname="Sai-PC" name="automation.bikeparking" tests="3" failures="0" timestamp="2021-02-16T13:55:08 IST" time="0.019" errors="0">
  <testcase name="banking" time="0.004" classname="automation.bikeparking"/>
  <system-out/>
  <testcase name="banking" time="0.012" classname="automation.bikeparking"/>
  <system-out/>
  <testcase name="banking" time="0.003" classname="automation.bikeparking"/>
  <system-out/>
</testsuite> <!-- automation.bikeparking -->
