<?xml version="1.0" encoding="UTF-8"?>
<!-- Generated by org.testng.reporters.JUnitReportReporter -->
<testsuite skipped="0" hostname="Sai-PC" name="test.yatra_Test" tests="1" failures="0" timestamp="2021-02-26T14:06:46 IST" time="65.431" errors="0">
  <testcase name="yantracodevalidate" time="65.431" classname="test.yatra_Test"/>
  <system-out/>
</testsuite> <!-- test.yatra_Test -->
