<?xml version="1.0" encoding="UTF-8"?>
<!-- Generated by org.testng.reporters.JUnitReportReporter -->
<testsuite skipped="0" hostname="Sai-PC" name="test.Actitime_proj_Test" tests="1" failures="0" timestamp="2021-02-24T16:51:05 IST" time="42.569" errors="0">
  <testcase name="actitimeValidation" time="42.569" classname="test.Actitime_proj_Test"/>
  <system-out/>
</testsuite> <!-- test.Actitime_proj_Test -->
