<?xml version="1.0" encoding="UTF-8"?>
<!-- Generated by org.testng.reporters.JUnitReportReporter -->
<testsuite skipped="0" hostname="Sai-PC" name="test.trying" tests="1" failures="0" timestamp="2021-02-19T10:41:31 IST" time="0.460" errors="0">
  <testcase name="test4" time="0.460" classname="test.trying"/>
  <system-out/>
</testsuite> <!-- test.trying -->
