<?xml version="1.0" encoding="UTF-8"?>
<!-- Generated by org.testng.reporters.JUnitReportReporter -->
<testsuite skipped="0" hostname="Sai-PC" name="test.Actitimecreatetask" tests="1" failures="0" timestamp="2021-02-24T19:00:39 IST" time="49.093" errors="0">
  <testcase name="createTask" time="49.093" classname="test.Actitimecreatetask"/>
  <system-out/>
</testsuite> <!-- test.Actitimecreatetask -->
