<?xml version="1.0" encoding="UTF-8"?>
<!-- Generated by org.testng.reporters.JUnitReportReporter -->
<testsuite skipped="0" hostname="Sai-PC" name="test.blueStonetest" tests="1" failures="0" timestamp="2021-02-24T18:52:55 IST" time="50.932" errors="0">
  <testcase name="validateProduct" time="50.932" classname="test.blueStonetest"/>
  <system-out/>
</testsuite> <!-- test.blueStonetest -->
