<?xml version="1.0" encoding="UTF-8"?>
<!-- Generated by org.testng.reporters.JUnitReportReporter -->
<testsuite skipped="0" hostname="Sai-PC" name="test.login" tests="1" failures="0" timestamp="2021-02-16T17:33:55 IST" time="23.963" errors="0">
  <testcase name="loginfacebook" time="23.963" classname="test.login"/>
  <system-out/>
</testsuite> <!-- test.login -->
