<?xml version="1.0" encoding="UTF-8"?>
<!-- Generated by org.testng.reporters.JUnitReportReporter -->
<testsuite skipped="0" hostname="Sai-PC" name="test.TestCase2" tests="1" failures="0" timestamp="2021-02-19T12:10:37 IST" time="49.700" errors="0">
  <testcase name="test2" time="49.700" classname="test.TestCase2"/>
  <system-out/>
</testsuite> <!-- test.TestCase2 -->
