<?xml version="1.0" encoding="UTF-8"?>
<!-- Generated by org.testng.reporters.JUnitReportReporter -->
<testsuite skipped="0" hostname="Sai-PC" name="test.testcase6" tests="1" failures="0" timestamp="2021-02-22T18:34:40 IST" time="23.705" errors="0">
  <testcase name="createcustomer" time="23.705" classname="test.testcase6"/>
  <system-out/>
</testsuite> <!-- test.testcase6 -->
